<?xml version="1.0" encoding="UTF-8"?>
<testsuite xmlns:xsi="http://www.w3.org/2001/XMLSchema-instance" xsi:noNamespaceSchemaLocation="https://maven.apache.org/surefire/maven-surefire-plugin/xsd/surefire-test-report.xsd" name="com.eCommerceProject.business.concretes.ProductManagerTest" time="0.021" tests="5" errors="0" skipped="0" failures="0">
  <properties>
[...]
</properties>
  <testcase name="getAll" classname="com.eCommerceProject.business.concretes.ProductManagerTest" time="0.011"/>
  <testcase name="add" classname="com.eCommerceProject.business.concretes.ProductManagerTest" time="0"/>
  <testcase name="getByproductName" classname="com.eCommerceProject.business.concretes.ProductManagerTest" time="0.001"/>
  <testcase name="getByproductBrand" classname="com.eCommerceProject.business.concretes.ProductManagerTest" time="0.001"/>
  <testcase name="deleteById" classname="com.eCommerceProject.business.concretes.ProductManagerTest" time="0"/>
</testsuite>